/home/rob/.rbenv/versions/2.2.2/bin/ruby -r ./siteconf20150427-10323-1asdkff.rb extconf.rb
checking for ruby/thread.h... yes
checking for rb_thread_call_without_gvl() in ruby/thread.h... yes
checking for rb_thread_blocking_region()... no
checking for rb_wait_for_single_fd()... yes
checking for rb_hash_dup()... yes
checking for rb_intern3()... yes
-----
Using mysql_config at /usr/bin/mysql_config
-----
checking for mysql.h... yes
checking for errmsg.h... yes
checking for mysqld_error.h... yes
-----
Setting libpath to /usr/lib/x86_64-linux-gnu
-----
creating Makefile

make "DESTDIR=" clean

make "DESTDIR="
compiling mysql2_ext.c
compiling infile.c
compiling client.c
compiling result.c
result.c: In function ‘msec_char_to_uint’:
result.c:186:17: warning: comparison between signed and unsigned integer expressions [-Wsign-compare]
   for (i = 0; i < (len - 1); i++) {
                 ^
linking shared-object mysql2/mysql2.so

make "DESTDIR=" install
/usr/bin/install -c -m 0755 mysql2.so ./.gem.20150427-10323-1mnzp94/mysql2
